<?xml version="1.0" encoding="UTF-8"?>
<!-- Generated by org.testng.reporters.JUnitReportReporter -->
<testsuite hostname="vijayji1137" failures="0" tests="7" name="Project.project" time="121.818" errors="0" timestamp="2023-05-29T17:19:51 IST" skipped="0">
  <testcase classname="Project.project" name="Startup" time="28.650"/>
  <system-out/>
  <testcase classname="Project.project" name="Bookings" time="12.185"/>
  <system-out/>
  <testcase classname="Project.project" name="Callus" time="19.690"/>
  <system-out/>
  <testcase classname="Project.project" name="AboutUS" time="19.964"/>
  <system-out/>
  <testcase classname="Project.project" name="Info_Center" time="14.944"/>
  <system-out/>
  <testcase classname="Project.project" name="Profile" time="8.649"/>
  <system-out/>
  <testcase classname="Project.project" name="Language_Change" time="17.736"/>
  <system-out/>
</testsuite> <!-- Project.project -->
